[0.008s] Invoking command in '/home/michael/robo_ai_turku_2025/lab_1/ros2_ws/build/custom_interface': CMAKE_PREFIX_PATH=${CMAKE_PREFIX_PATH}:/home/michael/robo_ai_turku_2025/lab_1/ros2_ws/install/task3:/home/michael/robo_ai_turku_2025/lab_1/ros2_ws/install/task2:/home/michael/robo_ai_turku_2025/lab_1/ros2_ws/install/task1:/home/michael/robo_ai_turku_2025/lab_1/ros2_ws/install/lap:/opt/ros/humble /usr/bin/cmake --build /home/michael/robo_ai_turku_2025/lab_1/ros2_ws/build/custom_interface -- -j3 -l3
[0.025s] -- Found ament_cmake: 1.3.12 (/opt/ros/humble/share/ament_cmake/cmake)
[0.118s] -- Found rclcpp: 16.0.14 (/opt/ros/humble/share/rclcpp/cmake)
[0.138s] -- Found rosidl_generator_c: 3.1.7 (/opt/ros/humble/share/rosidl_generator_c/cmake)
[0.140s] -- Found rosidl_adapter: 3.1.7 (/opt/ros/humble/share/rosidl_adapter/cmake)
[0.144s] -- Found rosidl_generator_cpp: 3.1.7 (/opt/ros/humble/share/rosidl_generator_cpp/cmake)
[0.150s] -- Using all available rosidl_typesupport_c: rosidl_typesupport_fastrtps_c;rosidl_typesupport_introspection_c
[0.159s] -- Using all available rosidl_typesupport_cpp: rosidl_typesupport_fastrtps_cpp;rosidl_typesupport_introspection_cpp
[0.182s] -- Found rmw_implementation_cmake: 6.1.2 (/opt/ros/humble/share/rmw_implementation_cmake/cmake)
[0.183s] -- Found rmw_fastrtps_cpp: 6.2.8 (/opt/ros/humble/share/rmw_fastrtps_cpp/cmake)
[0.251s] -- Using RMW implementation 'rmw_fastrtps_cpp' as default
[0.290s] -- Found rosidl_default_generators: 1.2.0 (/opt/ros/humble/share/rosidl_default_generators/cmake)
[0.295s] -- Found geometry_msgs: 4.9.0 (/opt/ros/humble/share/geometry_msgs/cmake)
[0.308s] -- Found action_msgs: 1.2.2 (/opt/ros/humble/share/action_msgs/cmake)
[0.533s] -- Found ament_cmake_ros: 0.10.0 (/opt/ros/humble/share/ament_cmake_ros/cmake)
[0.763s] -- Using all available rosidl_typesupport_c: rosidl_typesupport_fastrtps_c;rosidl_typesupport_introspection_c
[0.853s] -- Using all available rosidl_typesupport_cpp: rosidl_typesupport_fastrtps_cpp;rosidl_typesupport_introspection_cpp
[0.869s] -- Found python_cmake_module: 0.10.0 (/opt/ros/humble/share/python_cmake_module/cmake)
[0.885s] -- Using PYTHON_EXECUTABLE: /usr/bin/python3
[0.885s] -- Using PYTHON_INCLUDE_DIRS: /usr/include/python3.10
[0.885s] -- Using PYTHON_LIBRARIES: /usr/lib/aarch64-linux-gnu/libpython3.10.so
[0.900s] -- Found ament_lint_auto: 0.12.14 (/opt/ros/humble/share/ament_lint_auto/cmake)
[0.906s] -- Added test 'lint_cmake' to check CMake code style
[0.907s] -- Added test 'xmllint' to check XML markup files
[0.908s] -- Configuring done
[0.935s] -- Generating done
[0.944s] -- Build files have been written to: /home/michael/robo_ai_turku_2025/lab_1/ros2_ws/build/custom_interface
[0.963s] [  2%] [34m[1mGenerating C code for ROS interfaces[0m
[0.969s] [  4%] [34m[1mGenerating C++ code for ROS interfaces[0m
[0.995s] [  4%] Built target ament_cmake_python_copy_custom_interface
[1.158s] running egg_info
[1.164s] writing custom_interface.egg-info/PKG-INFO
[1.164s] writing dependency_links to custom_interface.egg-info/dependency_links.txt
[1.165s] writing top-level names to custom_interface.egg-info/top_level.txt
[1.167s] reading manifest file 'custom_interface.egg-info/SOURCES.txt'
[1.168s] writing manifest file 'custom_interface.egg-info/SOURCES.txt'
[1.190s] [  4%] Built target ament_cmake_python_build_custom_interface_egg
[1.405s] [35m[1mConsolidate compiler generated dependencies of target custom_interface__rosidl_generator_c[0m
[1.415s] [  6%] [32mBuilding C object CMakeFiles/custom_interface__rosidl_generator_c.dir/rosidl_generator_c/custom_interface/msg/detail/person__functions.c.o[0m
[1.428s] [  8%] [32mBuilding C object CMakeFiles/custom_interface__rosidl_generator_c.dir/rosidl_generator_c/custom_interface/srv/detail/calculate_distance__functions.c.o[0m
[1.429s] In file included from [01m[K/home/michael/robo_ai_turku_2025/lab_1/ros2_ws/build/custom_interface/rosidl_generator_c/custom_interface/msg/detail/person__functions.h:19[m[K,
[1.429s]                  from [01m[K/home/michael/robo_ai_turku_2025/lab_1/ros2_ws/build/custom_interface/rosidl_generator_c/custom_interface/msg/detail/person__functions.c:4[m[K:
[1.429s] [01m[K/home/michael/robo_ai_turku_2025/lab_1/ros2_ws/build/custom_interface/rosidl_generator_c/custom_interface/msg/detail/person__struct.h:22:10:[m[K [01;31m[Kfatal error: [m[Kstd_msgs/msg/detail/header__struct.h: No such file or directory
[1.429s]    22 | #include [01;31m[K"std_msgs/msg/detail/header__struct.h"[m[K
[1.429s]       |          [01;31m[K^~~~~~~~~~~~~~~~~~~~~~~~~~~~~~~~~~~~~~[m[K
[1.429s] compilation terminated.
[1.430s] [  8%] Built target custom_interface__cpp
[1.432s] gmake[2]: *** [CMakeFiles/custom_interface__rosidl_generator_c.dir/build.make:144: CMakeFiles/custom_interface__rosidl_generator_c.dir/rosidl_generator_c/custom_interface/msg/detail/person__functions.c.o] Error 1
[1.432s] gmake[2]: *** Waiting for unfinished jobs....
[1.436s] [ 10%] [34m[1mGenerating C++ type support dispatch for ROS interfaces[0m
[1.438s] [ 12%] [34m[1mGenerating C++ type support for eProsima Fast-RTPS[0m
[1.440s] In file included from [01m[K/home/michael/robo_ai_turku_2025/lab_1/ros2_ws/build/custom_interface/rosidl_generator_c/custom_interface/srv/detail/calculate_distance__functions.h:19[m[K,
[1.440s]                  from [01m[K/home/michael/robo_ai_turku_2025/lab_1/ros2_ws/build/custom_interface/rosidl_generator_c/custom_interface/srv/detail/calculate_distance__functions.c:4[m[K:
[1.440s] [01m[K/home/michael/robo_ai_turku_2025/lab_1/ros2_ws/build/custom_interface/rosidl_generator_c/custom_interface/srv/detail/calculate_distance__struct.h:23:10:[m[K [01;31m[Kfatal error: [m[Kgeometry_msgs/msg/detail/point__struct.h: No such file or directory
[1.440s]    23 | #include [01;31m[K"geometry_msgs/msg/detail/point__struct.h"[m[K
[1.440s]       |          [01;31m[K^~~~~~~~~~~~~~~~~~~~~~~~~~~~~~~~~~~~~~~~~~[m[K
[1.440s] compilation terminated.
[1.441s] gmake[2]: *** [CMakeFiles/custom_interface__rosidl_generator_c.dir/build.make:158: CMakeFiles/custom_interface__rosidl_generator_c.dir/rosidl_generator_c/custom_interface/srv/detail/calculate_distance__functions.c.o] Error 1
[1.441s] gmake[1]: *** [CMakeFiles/Makefile2:213: CMakeFiles/custom_interface__rosidl_generator_c.dir/all] Error 2
[1.441s] gmake[1]: *** Waiting for unfinished jobs....
[1.719s] [35m[1mConsolidate compiler generated dependencies of target custom_interface__rosidl_typesupport_cpp[0m
[1.734s] [ 14%] [32mBuilding CXX object CMakeFiles/custom_interface__rosidl_typesupport_cpp.dir/rosidl_typesupport_cpp/custom_interface/srv/calculate_distance__type_support.cpp.o[0m
[1.735s] [ 17%] [32mBuilding CXX object CMakeFiles/custom_interface__rosidl_typesupport_cpp.dir/rosidl_typesupport_cpp/custom_interface/msg/person__type_support.cpp.o[0m
[1.778s] In file included from [01m[K/home/michael/robo_ai_turku_2025/lab_1/ros2_ws/build/custom_interface/rosidl_typesupport_cpp/custom_interface/srv/calculate_distance__type_support.cpp:7[m[K:
[1.778s] [01m[K/home/michael/robo_ai_turku_2025/lab_1/ros2_ws/build/custom_interface/rosidl_generator_cpp/custom_interface/srv/detail/calculate_distance__struct.hpp:21:10:[m[K [01;31m[Kfatal error: [m[Kgeometry_msgs/msg/detail/point__struct.hpp: No such file or directory
[1.778s]    21 | #include [01;31m[K"geometry_msgs/msg/detail/point__struct.hpp"[m[K
[1.779s]       |          [01;31m[K^~~~~~~~~~~~~~~~~~~~~~~~~~~~~~~~~~~~~~~~~~~~[m[K
[1.779s] compilation terminated.
[1.780s] In file included from [01m[K/home/michael/robo_ai_turku_2025/lab_1/ros2_ws/build/custom_interface/rosidl_typesupport_cpp/custom_interface/msg/person__type_support.cpp:7[m[K:
[1.780s] [01m[K/home/michael/robo_ai_turku_2025/lab_1/ros2_ws/build/custom_interface/rosidl_generator_cpp/custom_interface/msg/detail/person__struct.hpp:20:10:[m[K [01;31m[Kfatal error: [m[Kstd_msgs/msg/detail/header__struct.hpp: No such file or directory
[1.781s]    20 | #include [01;31m[K"std_msgs/msg/detail/header__struct.hpp"[m[K
[1.781s]       |          [01;31m[K^~~~~~~~~~~~~~~~~~~~~~~~~~~~~~~~~~~~~~~~[m[K
[1.781s] compilation terminated.
[1.781s] gmake[2]: *** [CMakeFiles/custom_interface__rosidl_typesupport_cpp.dir/build.make:115: CMakeFiles/custom_interface__rosidl_typesupport_cpp.dir/rosidl_typesupport_cpp/custom_interface/srv/calculate_distance__type_support.cpp.o] Error 1
[1.781s] gmake[2]: *** Waiting for unfinished jobs....
[1.781s] gmake[2]: *** [CMakeFiles/custom_interface__rosidl_typesupport_cpp.dir/build.make:101: CMakeFiles/custom_interface__rosidl_typesupport_cpp.dir/rosidl_typesupport_cpp/custom_interface/msg/person__type_support.cpp.o] Error 1
[1.783s] gmake[1]: *** [CMakeFiles/Makefile2:395: CMakeFiles/custom_interface__rosidl_typesupport_cpp.dir/all] Error 2
[1.822s] [35m[1mConsolidate compiler generated dependencies of target custom_interface__rosidl_typesupport_fastrtps_cpp[0m
[1.831s] [ 21%] [32mBuilding CXX object CMakeFiles/custom_interface__rosidl_typesupport_fastrtps_cpp.dir/rosidl_typesupport_fastrtps_cpp/custom_interface/srv/detail/dds_fastrtps/calculate_distance__type_support.cpp.o[0m
[1.831s] [ 21%] [32mBuilding CXX object CMakeFiles/custom_interface__rosidl_typesupport_fastrtps_cpp.dir/rosidl_typesupport_fastrtps_cpp/custom_interface/msg/detail/dds_fastrtps/person__type_support.cpp.o[0m
[1.832s] [ 23%] [32mBuilding CXX object CMakeFiles/custom_interface__rosidl_typesupport_fastrtps_cpp.dir/rosidl_typesupport_fastrtps_cpp/custom_interface/action/detail/dds_fastrtps/countdown__type_support.cpp.o[0m
[1.876s] In file included from [01m[K/home/michael/robo_ai_turku_2025/lab_1/ros2_ws/build/custom_interface/rosidl_typesupport_fastrtps_cpp/custom_interface/msg/detail/person__rosidl_typesupport_fastrtps_cpp.hpp:11[m[K,
[1.876s]                  from [01m[K/home/michael/robo_ai_turku_2025/lab_1/ros2_ws/build/custom_interface/rosidl_typesupport_fastrtps_cpp/custom_interface/msg/detail/dds_fastrtps/person__type_support.cpp:4[m[K:
[1.876s] [01m[K/home/michael/robo_ai_turku_2025/lab_1/ros2_ws/build/custom_interface/rosidl_generator_cpp/custom_interface/msg/detail/person__struct.hpp:20:10:[m[K [01;31m[Kfatal error: [m[Kstd_msgs/msg/detail/header__struct.hpp: No such file or directory
[1.876s]    20 | #include [01;31m[K"std_msgs/msg/detail/header__struct.hpp"[m[K
[1.876s]       |          [01;31m[K^~~~~~~~~~~~~~~~~~~~~~~~~~~~~~~~~~~~~~~~[m[K
[1.876s] compilation terminated.
[1.877s] In file included from [01m[K/home/michael/robo_ai_turku_2025/lab_1/ros2_ws/build/custom_interface/rosidl_typesupport_fastrtps_cpp/custom_interface/srv/detail/calculate_distance__rosidl_typesupport_fastrtps_cpp.hpp:11[m[K,
[1.877s]                  from [01m[K/home/michael/robo_ai_turku_2025/lab_1/ros2_ws/build/custom_interface/rosidl_typesupport_fastrtps_cpp/custom_interface/srv/detail/dds_fastrtps/calculate_distance__type_support.cpp:4[m[K:
[1.877s] [01m[K/home/michael/robo_ai_turku_2025/lab_1/ros2_ws/build/custom_interface/rosidl_generator_cpp/custom_interface/srv/detail/calculate_distance__struct.hpp:21:10:[m[K [01;31m[Kfatal error: [m[Kgeometry_msgs/msg/detail/point__struct.hpp: No such file or directory
[1.877s]    21 | #include [01;31m[K"geometry_msgs/msg/detail/point__struct.hpp"[m[K
[1.877s]       |          [01;31m[K^~~~~~~~~~~~~~~~~~~~~~~~~~~~~~~~~~~~~~~~~~~~[m[K
[1.877s] compilation terminated.
[1.877s] gmake[2]: *** [CMakeFiles/custom_interface__rosidl_typesupport_fastrtps_cpp.dir/build.make:112: CMakeFiles/custom_interface__rosidl_typesupport_fastrtps_cpp.dir/rosidl_typesupport_fastrtps_cpp/custom_interface/msg/detail/dds_fastrtps/person__type_support.cpp.o] Error 1
[1.877s] gmake[2]: *** Waiting for unfinished jobs....
[1.879s] gmake[2]: *** [CMakeFiles/custom_interface__rosidl_typesupport_fastrtps_cpp.dir/build.make:126: CMakeFiles/custom_interface__rosidl_typesupport_fastrtps_cpp.dir/rosidl_typesupport_fastrtps_cpp/custom_interface/srv/detail/dds_fastrtps/calculate_distance__type_support.cpp.o] Error 1
[2.176s] gmake[1]: *** [CMakeFiles/Makefile2:291: CMakeFiles/custom_interface__rosidl_typesupport_fastrtps_cpp.dir/all] Error 2
[2.176s] gmake: *** [Makefile:146: all] Error 2
[2.178s] Invoked command in '/home/michael/robo_ai_turku_2025/lab_1/ros2_ws/build/custom_interface' returned '2': CMAKE_PREFIX_PATH=${CMAKE_PREFIX_PATH}:/home/michael/robo_ai_turku_2025/lab_1/ros2_ws/install/task3:/home/michael/robo_ai_turku_2025/lab_1/ros2_ws/install/task2:/home/michael/robo_ai_turku_2025/lab_1/ros2_ws/install/task1:/home/michael/robo_ai_turku_2025/lab_1/ros2_ws/install/lap:/opt/ros/humble /usr/bin/cmake --build /home/michael/robo_ai_turku_2025/lab_1/ros2_ws/build/custom_interface -- -j3 -l3
