[0.064s] Invoking command in '/home/felix/robo/robo_ai_turku_2025/ros2_ws/build/custom_interface': CMAKE_PREFIX_PATH=${CMAKE_PREFIX_PATH}:/home/felix/robo/robo_ai_turku_2025/ros2_ws/install/task1:/home/felix/robo/robo_ai_turku_2025/ros2_ws/install/lab1_bringup:/home/felix/robo/robo_ai_turku_2025/ros2_ws/install/lab01_task03:/home/felix/robo/robo_ai_turku_2025/ros2_ws/install/lab01_task02:/home/felix/robo/robo_ai_turku_2025/ros2_ws/install/lab01_task01:/opt/ros/humble /usr/bin/cmake --build /home/felix/robo/robo_ai_turku_2025/ros2_ws/build/custom_interface -- -j22 -l22
[1.180s] -- Found ament_cmake: 1.3.12 (/opt/ros/humble/share/ament_cmake/cmake)
[1.180s] -- Found rclcpp: 16.0.14 (/opt/ros/humble/share/rclcpp/cmake)
[1.181s] -- Found rosidl_generator_c: 3.1.7 (/opt/ros/humble/share/rosidl_generator_c/cmake)
[1.181s] -- Found rosidl_adapter: 3.1.7 (/opt/ros/humble/share/rosidl_adapter/cmake)
[1.181s] -- Found rosidl_generator_cpp: 3.1.7 (/opt/ros/humble/share/rosidl_generator_cpp/cmake)
[1.181s] -- Using all available rosidl_typesupport_c: rosidl_typesupport_fastrtps_c;rosidl_typesupport_introspection_c
[1.181s] -- Using all available rosidl_typesupport_cpp: rosidl_typesupport_fastrtps_cpp;rosidl_typesupport_introspection_cpp
[1.181s] -- Found rmw_implementation_cmake: 6.1.2 (/opt/ros/humble/share/rmw_implementation_cmake/cmake)
[1.181s] -- Found rmw_fastrtps_cpp: 6.2.8 (/opt/ros/humble/share/rmw_fastrtps_cpp/cmake)
[5.814s] -- Using RMW implementation 'rmw_fastrtps_cpp' as default
[5.958s] -- Found geometry_msgs: 4.9.0 (/opt/ros/humble/share/geometry_msgs/cmake)
[5.988s] -- Found rosidl_default_generators: 1.2.0 (/opt/ros/humble/share/rosidl_default_generators/cmake)
[6.318s] [31mCMake Error at /opt/ros/humble/share/rosidl_adapter/cmake/rosidl_adapt_interfaces.cmake:59 (message):
[6.318s]   execute_process(/usr/bin/python3 -m rosidl_adapter --package-name
[6.319s]   custom_interface --arguments-file
[6.319s]   /home/felix/robo/robo_ai_turku_2025/ros2_ws/build/custom_interface/rosidl_adapter__arguments__custom_interface.json
[6.319s]   --output-dir
[6.319s]   /home/felix/robo/robo_ai_turku_2025/ros2_ws/build/custom_interface/rosidl_adapter/custom_interface
[6.319s]   --output-file
[6.319s]   /home/felix/robo/robo_ai_turku_2025/ros2_ws/build/custom_interface/rosidl_adapter/custom_interface.idls)
[6.319s]   returned error code 1:
[6.320s] 
[6.320s]   Traceback (most recent call last):
[6.320s] 
[6.320s]     File "/usr/lib/python3.10/runpy.py", line 196, in _run_module_as_main
[6.320s]       return _run_code(code, main_globals, None,
[6.320s]     File "/usr/lib/python3.10/runpy.py", line 86, in _run_code
[6.320s]       exec(code, run_globals)
[6.320s]     File "/opt/ros/humble/local/lib/python3.10/dist-packages/rosidl_adapter/__main__.py", line 19, in <module>
[6.321s]       sys.exit(main())
[6.321s]     File "/opt/ros/humble/local/lib/python3.10/dist-packages/rosidl_adapter/main.py", line 53, in main
[6.321s]       abs_idl_file = convert_to_idl(
[6.321s]     File "/opt/ros/humble/local/lib/python3.10/dist-packages/rosidl_adapter/__init__.py", line 29, in convert_to_idl
[6.321s]       return convert_action_to_idl(
[6.321s]     File "/opt/ros/humble/local/lib/python3.10/dist-packages/rosidl_adapter/action/__init__.py", line 28, in convert_action_to_idl
[6.321s]       action = parse_action_string(package_name, input_file.stem, content)
[6.321s]     File "/opt/ros/humble/local/lib/python3.10/dist-packages/rosidl_adapter/parser.py", line 894, in parse_action_string
[6.321s]       raise InvalidActionSpecification(
[6.321s] 
[6.322s]   rosidl_adapter.parser.InvalidActionSpecification: Number of '---'
[6.322s]   separators nonconformant with action definition
[6.322s] 
[6.322s] Call Stack (most recent call first):
[6.322s]   /opt/ros/humble/share/rosidl_cmake/cmake/rosidl_generate_interfaces.cmake:130 (rosidl_adapt_interfaces)
[6.322s]   CMakeLists.txt:16 (rosidl_generate_interfaces)
[6.322s] 
[6.322s] [0m
[6.325s] -- Configuring incomplete, errors occurred!
[6.325s] See also "/home/felix/robo/robo_ai_turku_2025/ros2_ws/build/custom_interface/CMakeFiles/CMakeOutput.log".
[6.343s] gmake: *** [Makefile:1395: cmake_check_build_system] Error 1
[6.347s] Invoked command in '/home/felix/robo/robo_ai_turku_2025/ros2_ws/build/custom_interface' returned '2': CMAKE_PREFIX_PATH=${CMAKE_PREFIX_PATH}:/home/felix/robo/robo_ai_turku_2025/ros2_ws/install/task1:/home/felix/robo/robo_ai_turku_2025/ros2_ws/install/lab1_bringup:/home/felix/robo/robo_ai_turku_2025/ros2_ws/install/lab01_task03:/home/felix/robo/robo_ai_turku_2025/ros2_ws/install/lab01_task02:/home/felix/robo/robo_ai_turku_2025/ros2_ws/install/lab01_task01:/opt/ros/humble /usr/bin/cmake --build /home/felix/robo/robo_ai_turku_2025/ros2_ws/build/custom_interface -- -j22 -l22
